Build started 2016/7/30 2:24:37.
     1>Project "D:\code\spdatapickle\trunk\spjson-win32\libspjson.vcxproj" on node 2 (Build target(s)).
     1>ClCompile:
         C:\Program Files (x86)\Microsoft Visual Studio 12.0\VC\bin\CL.exe /c /ZI /nologo /W3 /WX- /Od /Oy- /D WIN32 /D _DEBUG /D _LIB /D _VC80_UPGRADE=0x0600 /D _MBCS /Gm /EHsc /RTC1 /MDd /GS /Gy- /fp:precise /Zc:wchar_t /Zc:forScope /Fo".\Debug\\" /Fd".\Debug\vc120.pdb" /Gd /TP /analyze- /errorReport:prompt ..\spjson\spjsoncodec.cpp ..\spjson\spjsondomparser.cpp ..\spjson\spjsonevent.cpp ..\spjson\spjsonhandle.cpp ..\spjson\spjsoniterator.cpp ..\spjson\spjsonnode.cpp ..\spjson\spjsonparser.cpp ..\spjson\spjsonreader.cpp ..\spjson\spjsonrpc.cpp ..\spjson\spjsonutils.cpp ..\spjson\sppbcodec.cpp ..\spjson\sppbfield.cpp ..\spjson\sppbrpc.cpp ..\spjson\sppbtree.cpp ..\spjson\testpbcomm.cpp
         Skipping... (no relevant changes detected)
         testpbcomm.cpp
         sppbtree.cpp
         sppbrpc.cpp
         sppbfield.cpp
         sppbcodec.cpp
         spjsonutils.cpp
         spjsonrpc.cpp
         spjsonreader.cpp
         spjsonparser.cpp
         spjsonnode.cpp
         spjsoniterator.cpp
         spjsonhandle.cpp
         spjsonevent.cpp
         spjsondomparser.cpp
         spjsoncodec.cpp
       Lib:
         C:\Program Files (x86)\Microsoft Visual Studio 12.0\VC\bin\Lib.exe /OUT:".\Debug\libspjson.lib" /NOLOGO .\Debug\spjsoncodec.obj
         .\Debug\spjsondomparser.obj
         .\Debug\spjsonevent.obj
         .\Debug\spjsonhandle.obj
         .\Debug\spjsoniterator.obj
         .\Debug\spjsonnode.obj
         .\Debug\spjsonparser.obj
         .\Debug\spjsonreader.obj
         .\Debug\spjsonrpc.obj
         .\Debug\spjsonutils.obj
         .\Debug\sppbcodec.obj
         .\Debug\sppbfield.obj
         .\Debug\sppbrpc.obj
         .\Debug\sppbtree.obj
         .\Debug\testpbcomm.obj
         libspjson.vcxproj -> D:\code\spdatapickle\trunk\spjson-win32\.\Debug\libspjson.lib
     1>Done Building Project "D:\code\spdatapickle\trunk\spjson-win32\libspjson.vcxproj" (Build target(s)).

Build succeeded.

Time Elapsed 00:00:00.18
