Build started 2016/7/30 2:24:49.
     1>Project "D:\code\spdatapickle\trunk\spxml\win32\libspxml.vcxproj" on node 2 (Build target(s)).
     1>ClCompile:
         C:\Program Files (x86)\Microsoft Visual Studio 12.0\VC\bin\CL.exe /c /ZI /nologo /W3 /WX- /Od /Oy- /D WIN32 /D _DEBUG /D _LIB /D _VC80_UPGRADE=0x0600 /D _MBCS /Gm /EHsc /RTC1 /MDd /GS /Gy- /fp:precise /Zc:wchar_t /Zc:forScope /Fo".\Debug\\" /Fd".\Debug\vc120.pdb" /Gd /TP /analyze- /errorReport:prompt ..\spcanonxml.cpp ..\spdomiterator.cpp ..\spdomparser.cpp ..\spxmlcodec.cpp ..\spxmlevent.cpp ..\spxmlhandle.cpp ..\spxmlnode.cpp ..\spxmlparser.cpp ..\spxmlreader.cpp ..\spxmlstag.cpp ..\spxmlutils.cpp
         Skipping... (no relevant changes detected)
         spxmlutils.cpp
         spxmlstag.cpp
         spxmlreader.cpp
         spxmlparser.cpp
         spxmlnode.cpp
         spxmlhandle.cpp
         spxmlevent.cpp
         spxmlcodec.cpp
         spdomparser.cpp
         spdomiterator.cpp
         spcanonxml.cpp
       Lib:
         C:\Program Files (x86)\Microsoft Visual Studio 12.0\VC\bin\Lib.exe /OUT:".\Debug\libspxml.lib" /NOLOGO .\Debug\spcanonxml.obj
         .\Debug\spdomiterator.obj
         .\Debug\spdomparser.obj
         .\Debug\spxmlcodec.obj
         .\Debug\spxmlevent.obj
         .\Debug\spxmlhandle.obj
         .\Debug\spxmlnode.obj
         .\Debug\spxmlparser.obj
         .\Debug\spxmlreader.obj
         .\Debug\spxmlstag.obj
         .\Debug\spxmlutils.obj
         libspxml.vcxproj -> D:\code\spdatapickle\trunk\spxml\win32\.\Debug\libspxml.lib
     1>Done Building Project "D:\code\spdatapickle\trunk\spxml\win32\libspxml.vcxproj" (Build target(s)).

Build succeeded.

Time Elapsed 00:00:00.17
